<?xml version="1.0" encoding="UTF-8" ?>
<testsuite failures="0" time="0.539" errors="1" skipped="0" tests="1" name="CustomerTest">
  <properties>
[...]
</properties>
  <testcase time="0.101" classname="CustomerTest" name="customerTest">
    <error message="could not insert collection: [com.citydi.model.Customer.bills#15]; SQL [insert into CUSTOMER_BILL (CUSTOMER_ID, bills_ID) values (?, ?)]; constraint [null]; nested exception is org.hibernate.exception.ConstraintViolationException: could not insert collection: [com.citydi.model.Customer.bills#15]" type="org.springframework.dao.DataIntegrityViolationException">org.springframework.dao.DataIntegrityViolationException: could not insert collection: [com.citydi.model.Customer.bills#15]; SQL [insert into CUSTOMER_BILL (CUSTOMER_ID, bills_ID) values (?, ?)]; constraint [null]; nested exception is org.hibernate.exception.ConstraintViolationException: could not insert collection: [com.citydi.model.Customer.bills#15]
	at org.springframework.orm.hibernate3.SessionFactoryUtils.convertHibernateAccessException(SessionFactoryUtils.java:643)
	at org.springframework.orm.hibernate3.HibernateAccessor.convertHibernateAccessException(HibernateAccessor.java:412)
	at org.springframework.orm.hibernate3.HibernateTemplate.doExecute(HibernateTemplate.java:411)
	at org.springframework.orm.hibernate3.HibernateTemplate.executeWithNativeSession(HibernateTemplate.java:374)
	at org.springframework.orm.hibernate3.HibernateTemplate.saveOrUpdate(HibernateTemplate.java:737)
	at com.citydi.common.base.BaseDAO.save(BaseDAO.java:76)
	at com.citydi.bo.CustomerBo.fill(CustomerBo.java:46)
	at com.citydi.facade.CustomerFacade.fillcustomer(CustomerFacade.java:23)
	at CustomerTest.customerTest(CustomerTest.java:25)
	at sun.reflect.NativeMethodAccessorImpl.invoke0(Native Method)
	at sun.reflect.NativeMethodAccessorImpl.invoke(NativeMethodAccessorImpl.java:57)
	at sun.reflect.DelegatingMethodAccessorImpl.invoke(DelegatingMethodAccessorImpl.java:43)
	at java.lang.reflect.Method.invoke(Method.java:601)
	at org.junit.runners.model.FrameworkMethod$1.runReflectiveCall(FrameworkMethod.java:47)
	at org.junit.internal.runners.model.ReflectiveCallable.run(ReflectiveCallable.java:12)
	at org.junit.runners.model.FrameworkMethod.invokeExplosively(FrameworkMethod.java:44)
	at org.junit.internal.runners.statements.InvokeMethod.evaluate(InvokeMethod.java:17)
	at org.junit.runners.ParentRunner.runLeaf(ParentRunner.java:271)
	at org.junit.runners.BlockJUnit4ClassRunner.runChild(BlockJUnit4ClassRunner.java:70)
	at org.junit.runners.BlockJUnit4ClassRunner.runChild(BlockJUnit4ClassRunner.java:50)
	at org.junit.runners.ParentRunner$3.run(ParentRunner.java:238)
	at org.junit.runners.ParentRunner$1.schedule(ParentRunner.java:63)
	at org.junit.runners.ParentRunner.runChildren(ParentRunner.java:236)
	at org.junit.runners.ParentRunner.access$000(ParentRunner.java:53)
	at org.junit.runners.ParentRunner$2.evaluate(ParentRunner.java:229)
	at org.junit.internal.runners.statements.RunBefores.evaluate(RunBefores.java:26)
	at org.junit.runners.ParentRunner.run(ParentRunner.java:309)
	at org.apache.maven.surefire.junit4.JUnit4TestSet.execute(JUnit4TestSet.java:35)
	at org.apache.maven.surefire.junit4.JUnit4Provider.executeTestSet(JUnit4Provider.java:115)
	at org.apache.maven.surefire.junit4.JUnit4Provider.invoke(JUnit4Provider.java:97)
	at sun.reflect.NativeMethodAccessorImpl.invoke0(Native Method)
	at sun.reflect.NativeMethodAccessorImpl.invoke(NativeMethodAccessorImpl.java:57)
	at sun.reflect.DelegatingMethodAccessorImpl.invoke(DelegatingMethodAccessorImpl.java:43)
	at java.lang.reflect.Method.invoke(Method.java:601)
	at org.apache.maven.surefire.booter.ProviderFactory$ClassLoaderProxy.invoke(ProviderFactory.java:103)
	at $Proxy0.invoke(Unknown Source)
	at org.apache.maven.surefire.booter.SurefireStarter.invokeProvider(SurefireStarter.java:150)
	at org.apache.maven.surefire.booter.SurefireStarter.runSuitesInProcess(SurefireStarter.java:91)
	at org.apache.maven.surefire.booter.ForkedBooter.main(ForkedBooter.java:69)
Caused by: org.hibernate.exception.ConstraintViolationException: could not insert collection: [com.citydi.model.Customer.bills#15]
	at org.hibernate.exception.SQLStateConverter.convert(SQLStateConverter.java:96)
	at org.hibernate.exception.JDBCExceptionHelper.convert(JDBCExceptionHelper.java:66)
	at org.hibernate.persister.collection.AbstractCollectionPersister.recreate(AbstractCollectionPersister.java:1243)
	at org.hibernate.action.CollectionRecreateAction.execute(CollectionRecreateAction.java:58)
	at org.hibernate.engine.ActionQueue.execute(ActionQueue.java:273)
	at org.hibernate.engine.ActionQueue.executeActions(ActionQueue.java:265)
	at org.hibernate.engine.ActionQueue.executeActions(ActionQueue.java:188)
	at org.hibernate.event.def.AbstractFlushingEventListener.performExecutions(AbstractFlushingEventListener.java:321)
	at org.hibernate.event.def.DefaultFlushEventListener.onFlush(DefaultFlushEventListener.java:51)
	at org.hibernate.impl.SessionImpl.flush(SessionImpl.java:1216)
	at org.springframework.orm.hibernate3.HibernateAccessor.flushIfNecessary(HibernateAccessor.java:390)
	at org.springframework.orm.hibernate3.HibernateTemplate.doExecute(HibernateTemplate.java:407)
	... 36 more
Caused by: com.microsoft.sqlserver.jdbc.SQLServerException: Violation of UNIQUE KEY constraint &apos;UQ__CUSTOMER__07A1302852E34C9D&apos;. Cannot insert duplicate key in object &apos;dbo.CUSTOMER_BILL&apos;.
	at com.microsoft.sqlserver.jdbc.SQLServerException.makeFromDatabaseError(SQLServerException.java:216)
	at com.microsoft.sqlserver.jdbc.SQLServerStatement.getNextResult(SQLServerStatement.java:1515)
	at com.microsoft.sqlserver.jdbc.SQLServerPreparedStatement.doExecutePreparedStatement(SQLServerPreparedStatement.java:404)
	at com.microsoft.sqlserver.jdbc.SQLServerPreparedStatement$PrepStmtExecCmd.doExecute(SQLServerPreparedStatement.java:350)
	at com.microsoft.sqlserver.jdbc.TDSCommand.execute(IOBuffer.java:5696)
	at com.microsoft.sqlserver.jdbc.SQLServerConnection.executeCommand(SQLServerConnection.java:1715)
	at com.microsoft.sqlserver.jdbc.SQLServerStatement.executeCommand(SQLServerStatement.java:180)
	at com.microsoft.sqlserver.jdbc.SQLServerStatement.executeStatement(SQLServerStatement.java:155)
	at com.microsoft.sqlserver.jdbc.SQLServerPreparedStatement.executeUpdate(SQLServerPreparedStatement.java:314)
	at org.hibernate.jdbc.NonBatchingBatcher.addToBatch(NonBatchingBatcher.java:46)
	at org.hibernate.persister.collection.AbstractCollectionPersister.recreate(AbstractCollectionPersister.java:1206)
	... 45 more
</error>
    <system-out>@SLTests run: 1, Failures: 0, Errors: 0, Skipped: 0, Time elapsed: 2.159 sec
@SLRunning CustomerTest
Hibernate: select this_.ID as ID6_1_, this_.BILLAMOUNT as BILLAMOUNT6_1_, this_.BILLTYPE as BILLTYPE6_1_, this_.FK_CUSTOMER as FK4_6_1_, customer2_.ID as ID5_0_, customer2_.ADDRESS as ADDRESS5_0_, customer2_.EXPIREDATE as EXPIREDATE5_0_, customer2_.FAMILY as FAMILY5_0_, customer2_.GENDER as GENDER5_0_, customer2_.NAME as NAME5_0_, customer2_.NATIONALCODE as NATIONAL7_5_0_ from BILL this_ left outer join CUSTOMER customer2_ on this_.FK_CUSTOMER=customer2_.ID
Hibernate: insert into CUSTOMER (ADDRESS, EXPIREDATE, FAMILY, GENDER, NAME, NATIONALCODE) values (?, ?, ?, ?, ?, ?)
Hibernate: insert into CUSTOMER_BILL (CUSTOMER_ID, bills_ID) values (?, ?)
</system-out>
    <system-err>May 20, 2013 4:10:34 PM org.springframework.context.support.AbstractApplicationContext prepareRefresh
INFO: Refreshing org.springframework.context.support.ClassPathXmlApplicationContext@10174006: startup date [Mon May 20 16:10:34 IRDT 2013]; root of context hierarchy
May 20, 2013 4:10:34 PM org.springframework.beans.factory.xml.XmlBeanDefinitionReader loadBeanDefinitions
INFO: Loading XML bean definitions from class path resource [spring/mainContext.xml]
May 20, 2013 4:10:34 PM org.springframework.beans.factory.xml.XmlBeanDefinitionReader loadBeanDefinitions
INFO: Loading XML bean definitions from class path resource [spring/databaseContext.xml]
May 20, 2013 4:10:34 PM org.springframework.core.io.support.PropertiesLoaderSupport loadProperties
INFO: Loading properties file from class path resource [hibernate-oracle.properties]
May 20, 2013 4:10:34 PM org.springframework.beans.factory.support.DefaultListableBeanFactory preInstantiateSingletons
INFO: Pre-instantiating singletons in org.springframework.beans.factory.support.DefaultListableBeanFactory@5ce20ee5: defining beans [org.springframework.beans.factory.config.PropertyPlaceholderConfigurer#0,billBo,customerBo,billDAO,customerDAO,billFacade,customerFacade,org.springframework.context.annotation.internalConfigurationAnnotationProcessor,org.springframework.context.annotation.internalAutowiredAnnotationProcessor,org.springframework.context.annotation.internalRequiredAnnotationProcessor,org.springframework.context.annotation.internalCommonAnnotationProcessor,org.springframework.context.annotation.internalPersistenceAnnotationProcessor,dataSource,sessionFactory,identifierGenerator,transactionManager,org.springframework.aop.config.internalAutoProxyCreator,org.springframework.transaction.annotation.AnnotationTransactionAttributeSource#0,org.springframework.transaction.interceptor.TransactionInterceptor#0,org.springframework.transaction.config.internalTransactionAdvisor,txDaoAdvice,org.springframework.aop.support.DefaultBeanFactoryPointcutAdvisor#0,org.springframework.aop.support.DefaultBeanFactoryPointcutAdvisor#1,org.springframework.context.annotation.ConfigurationClassPostProcessor$ImportAwareBeanPostProcessor#0]; root of factory hierarchy
May 20, 2013 4:10:34 PM org.springframework.jdbc.datasource.DriverManagerDataSource setDriverClassName
INFO: Loaded JDBC driver: com.microsoft.sqlserver.jdbc.SQLServerDriver
May 20, 2013 4:10:34 PM org.hibernate.cfg.Configuration applyHibernateValidatorLegacyConstraintsOnDDL
INFO: Hibernate Validator not found: ignoring
May 20, 2013 4:10:34 PM com.citydi.common.base.ResolverUtil findInPackage
INFO: Scanning for classes in [/E:/Sources/Core/target/classes/com/citydi] matching criteria: annotated with @Entity
May 20, 2013 4:10:34 PM org.springframework.orm.hibernate3.LocalSessionFactoryBean buildSessionFactory
INFO: Building new Hibernate SessionFactory
May 20, 2013 4:10:34 PM org.hibernate.cfg.AnnotationBinder bindClass
INFO: Binding entity from annotated class: com.citydi.model.Customer
May 20, 2013 4:10:34 PM org.hibernate.cfg.annotations.EntityBinder bindTable
INFO: Bind entity com.citydi.model.Customer on table CUSTOMER
May 20, 2013 4:10:34 PM org.hibernate.cfg.AnnotationBinder bindClass
INFO: Binding entity from annotated class: com.citydi.model.Bill
May 20, 2013 4:10:34 PM org.hibernate.cfg.annotations.EntityBinder bindTable
INFO: Bind entity com.citydi.model.Bill on table BILL
May 20, 2013 4:10:34 PM org.hibernate.cfg.search.HibernateSearchEventListenerRegister enableHibernateSearch
INFO: Unable to find org.hibernate.search.event.FullTextIndexEventListener on the classpath. Hibernate Search is not enabled.
May 20, 2013 4:10:34 PM org.hibernate.connection.ConnectionProviderFactory initializeConnectionProviderFromConfig
INFO: Initializing connection provider: org.springframework.orm.hibernate3.LocalDataSourceConnectionProvider
May 20, 2013 4:10:34 PM org.hibernate.dialect.Dialect &lt;init&gt;
INFO: Using dialect: org.hibernate.dialect.SQLServerDialect
May 20, 2013 4:10:34 PM org.hibernate.cfg.SettingsFactory buildSettings
INFO: Database -&gt;
       name : Microsoft SQL Server
    version : 10.50.1600
      major : 10
      minor : 50
May 20, 2013 4:10:34 PM org.hibernate.cfg.SettingsFactory buildSettings
INFO: Driver -&gt;
       name : Microsoft JDBC Driver 4.0 for SQL Server
    version : 4.0.2206.100
      major : 4
      minor : 0
May 20, 2013 4:10:34 PM org.hibernate.transaction.TransactionFactoryFactory buildTransactionFactory
INFO: Transaction strategy: org.springframework.orm.hibernate3.SpringTransactionFactory
May 20, 2013 4:10:34 PM org.hibernate.transaction.TransactionManagerLookupFactory getTransactionManagerLookup
INFO: No TransactionManagerLookup configured (in JTA environment, use of read-write or transactional second-level cache is not recommended)
May 20, 2013 4:10:34 PM org.hibernate.cfg.SettingsFactory buildSettings
INFO: Automatic flush during beforeCompletion(): disabled
May 20, 2013 4:10:34 PM org.hibernate.cfg.SettingsFactory buildSettings
INFO: Automatic session close at end of transaction: disabled
May 20, 2013 4:10:34 PM org.hibernate.cfg.SettingsFactory buildSettings
INFO: Scrollable result sets: enabled
May 20, 2013 4:10:34 PM org.hibernate.cfg.SettingsFactory buildSettings
INFO: JDBC3 getGeneratedKeys(): enabled
May 20, 2013 4:10:34 PM org.hibernate.cfg.SettingsFactory buildSettings
INFO: Connection release mode: auto
May 20, 2013 4:10:34 PM org.hibernate.cfg.SettingsFactory buildSettings
INFO: Maximum outer join fetch depth: 3
May 20, 2013 4:10:34 PM org.hibernate.cfg.SettingsFactory buildSettings
INFO: Default batch fetch size: 1
May 20, 2013 4:10:34 PM org.hibernate.cfg.SettingsFactory buildSettings
INFO: Generate SQL with comments: disabled
May 20, 2013 4:10:34 PM org.hibernate.cfg.SettingsFactory buildSettings
INFO: Order SQL updates by primary key: disabled
May 20, 2013 4:10:34 PM org.hibernate.cfg.SettingsFactory buildSettings
INFO: Order SQL inserts for batching: disabled
May 20, 2013 4:10:34 PM org.hibernate.cfg.SettingsFactory createQueryTranslatorFactory
INFO: Query translator: org.hibernate.hql.ast.ASTQueryTranslatorFactory
May 20, 2013 4:10:34 PM org.hibernate.hql.ast.ASTQueryTranslatorFactory &lt;init&gt;
INFO: Using ASTQueryTranslatorFactory
May 20, 2013 4:10:34 PM org.hibernate.cfg.SettingsFactory buildSettings
INFO: Query language substitutions: {false=&apos;N&apos;, true=&apos;Y&apos;}
May 20, 2013 4:10:34 PM org.hibernate.cfg.SettingsFactory buildSettings
INFO: JPA-QL strict compliance: disabled
May 20, 2013 4:10:34 PM org.hibernate.cfg.SettingsFactory buildSettings
INFO: Second-level cache: enabled
May 20, 2013 4:10:34 PM org.hibernate.cfg.SettingsFactory buildSettings
INFO: Query cache: enabled
May 20, 2013 4:10:34 PM org.hibernate.cfg.SettingsFactory createRegionFactory
INFO: Cache region factory : org.hibernate.cache.impl.bridge.RegionFactoryCacheProviderBridge
May 20, 2013 4:10:34 PM org.hibernate.cache.impl.bridge.RegionFactoryCacheProviderBridge &lt;init&gt;
INFO: Cache provider: net.sf.ehcache.hibernate.SingletonEhCacheProvider
May 20, 2013 4:10:34 PM org.hibernate.cfg.SettingsFactory buildSettings
INFO: Optimize cache for minimal puts: disabled
May 20, 2013 4:10:34 PM org.hibernate.cfg.SettingsFactory buildSettings
INFO: Structured second-level cache entries: disabled
May 20, 2013 4:10:34 PM org.hibernate.cfg.SettingsFactory createQueryCacheFactory
INFO: Query cache factory: org.hibernate.cache.StandardQueryCacheFactory
May 20, 2013 4:10:34 PM org.hibernate.cfg.SettingsFactory buildSettings
INFO: Echoing all SQL to stdout
May 20, 2013 4:10:34 PM org.hibernate.cfg.SettingsFactory buildSettings
INFO: Statistics: disabled
May 20, 2013 4:10:34 PM org.hibernate.cfg.SettingsFactory buildSettings
INFO: Deleted entity synthetic identifier rollback: disabled
May 20, 2013 4:10:34 PM org.hibernate.cfg.SettingsFactory buildSettings
INFO: Default entity-mode: pojo
May 20, 2013 4:10:34 PM org.hibernate.cfg.SettingsFactory buildSettings
INFO: Named query checking : enabled
May 20, 2013 4:10:34 PM org.hibernate.cfg.SettingsFactory buildSettings
INFO: Check Nullability in Core (should be disabled when Bean Validation is on): enabled
May 20, 2013 4:10:34 PM org.hibernate.impl.SessionFactoryImpl &lt;init&gt;
INFO: building session factory
May 20, 2013 4:10:34 PM org.hibernate.type.BasicTypeRegistry register
INFO: Type registration [characters_clob] overrides previous : org.hibernate.type.PrimitiveCharacterArrayClobType@5d82f675
May 20, 2013 4:10:34 PM org.hibernate.type.BasicTypeRegistry register
INFO: Type registration [blob] overrides previous : org.hibernate.type.BlobType@4102ab49
May 20, 2013 4:10:34 PM org.hibernate.type.BasicTypeRegistry register
INFO: Type registration [java.sql.Blob] overrides previous : org.hibernate.type.BlobType@4102ab49
May 20, 2013 4:10:34 PM org.hibernate.type.BasicTypeRegistry register
INFO: Type registration [wrapper_characters_clob] overrides previous : org.hibernate.type.CharacterArrayClobType@163b66f7
May 20, 2013 4:10:34 PM org.hibernate.type.BasicTypeRegistry register
INFO: Type registration [materialized_clob] overrides previous : org.hibernate.type.MaterializedClobType@15e4ed88
May 20, 2013 4:10:34 PM org.hibernate.type.BasicTypeRegistry register
INFO: Type registration [wrapper_materialized_blob] overrides previous : org.hibernate.type.WrappedMaterializedBlobType@68a686f2
May 20, 2013 4:10:34 PM org.hibernate.type.BasicTypeRegistry register
INFO: Type registration [clob] overrides previous : org.hibernate.type.ClobType@ce5af8b
May 20, 2013 4:10:34 PM org.hibernate.type.BasicTypeRegistry register
INFO: Type registration [java.sql.Clob] overrides previous : org.hibernate.type.ClobType@ce5af8b
May 20, 2013 4:10:34 PM org.hibernate.type.BasicTypeRegistry register
INFO: Type registration [materialized_blob] overrides previous : org.hibernate.type.MaterializedBlobType@3b67d54a
May 20, 2013 4:10:34 PM org.hibernate.impl.SessionFactoryObjectFactory addInstance
INFO: Not binding factory to JNDI, no JNDI name configured
May 20, 2013 4:10:34 PM org.hibernate.tool.hbm2ddl.SchemaUpdate execute
INFO: Running hbm2ddl schema update
May 20, 2013 4:10:34 PM org.hibernate.tool.hbm2ddl.SchemaUpdate execute
INFO: fetching database metadata
May 20, 2013 4:10:34 PM org.hibernate.tool.hbm2ddl.SchemaUpdate execute
INFO: updating schema
May 20, 2013 4:10:34 PM org.hibernate.tool.hbm2ddl.TableMetadata &lt;init&gt;
INFO: table found: coreBanking.dbo.BILL
May 20, 2013 4:10:34 PM org.hibernate.tool.hbm2ddl.TableMetadata &lt;init&gt;
INFO: columns: [id, billamount, billtype, fk_customer]
May 20, 2013 4:10:34 PM org.hibernate.tool.hbm2ddl.TableMetadata &lt;init&gt;
INFO: foreign keys: [fk1f1c071645e90c]
May 20, 2013 4:10:34 PM org.hibernate.tool.hbm2ddl.TableMetadata &lt;init&gt;
INFO: indexes: [pk__bill__3214ec274b422ad5]
May 20, 2013 4:10:34 PM org.hibernate.tool.hbm2ddl.TableMetadata &lt;init&gt;
INFO: table found: coreBanking.dbo.CUSTOMER
May 20, 2013 4:10:34 PM org.hibernate.tool.hbm2ddl.TableMetadata &lt;init&gt;
INFO: columns: [id, address, family, name, gender, nationalcode, expiredate]
May 20, 2013 4:10:34 PM org.hibernate.tool.hbm2ddl.TableMetadata &lt;init&gt;
INFO: foreign keys: []
May 20, 2013 4:10:34 PM org.hibernate.tool.hbm2ddl.TableMetadata &lt;init&gt;
INFO: indexes: [pk__customer__3214ec274f12bbb9]
May 20, 2013 4:10:34 PM org.hibernate.tool.hbm2ddl.TableMetadata &lt;init&gt;
INFO: table found: coreBanking.dbo.CUSTOMER_BILL
May 20, 2013 4:10:34 PM org.hibernate.tool.hbm2ddl.TableMetadata &lt;init&gt;
INFO: columns: [bills_id, customer_id]
May 20, 2013 4:10:34 PM org.hibernate.tool.hbm2ddl.TableMetadata &lt;init&gt;
INFO: foreign keys: [fk3bb39fc8154e3410, fk3bb39fc825c1d70b]
May 20, 2013 4:10:34 PM org.hibernate.tool.hbm2ddl.TableMetadata &lt;init&gt;
INFO: indexes: [uq__customer__07a1302852e34c9d]
May 20, 2013 4:10:34 PM org.hibernate.tool.hbm2ddl.SchemaUpdate execute
INFO: schema update complete
May 20, 2013 4:10:34 PM org.hibernate.cache.UpdateTimestampsCache &lt;init&gt;
INFO: starting update timestamps cache at region: org.hibernate.cache.UpdateTimestampsCache
May 20, 2013 4:10:34 PM org.hibernate.cache.StandardQueryCache &lt;init&gt;
INFO: starting query cache at region: org.hibernate.cache.StandardQueryCache
May 20, 2013 4:10:34 PM org.springframework.orm.hibernate3.LocalSessionFactoryBean updateDatabaseSchema
INFO: Updating database schema for Hibernate SessionFactory
May 20, 2013 4:10:34 PM org.hibernate.dialect.Dialect &lt;init&gt;
INFO: Using dialect: org.hibernate.dialect.SQLServerDialect
May 20, 2013 4:10:34 PM org.hibernate.tool.hbm2ddl.TableMetadata &lt;init&gt;
INFO: table found: coreBanking.dbo.BILL
May 20, 2013 4:10:34 PM org.hibernate.tool.hbm2ddl.TableMetadata &lt;init&gt;
INFO: columns: [id, billamount, billtype, fk_customer]
May 20, 2013 4:10:34 PM org.hibernate.tool.hbm2ddl.TableMetadata &lt;init&gt;
INFO: foreign keys: [fk1f1c071645e90c]
May 20, 2013 4:10:34 PM org.hibernate.tool.hbm2ddl.TableMetadata &lt;init&gt;
INFO: indexes: [pk__bill__3214ec274b422ad5]
May 20, 2013 4:10:34 PM org.hibernate.tool.hbm2ddl.TableMetadata &lt;init&gt;
INFO: table found: coreBanking.dbo.CUSTOMER
May 20, 2013 4:10:34 PM org.hibernate.tool.hbm2ddl.TableMetadata &lt;init&gt;
INFO: columns: [id, address, family, name, gender, nationalcode, expiredate]
May 20, 2013 4:10:34 PM org.hibernate.tool.hbm2ddl.TableMetadata &lt;init&gt;
INFO: foreign keys: []
May 20, 2013 4:10:34 PM org.hibernate.tool.hbm2ddl.TableMetadata &lt;init&gt;
INFO: indexes: [pk__customer__3214ec274f12bbb9]
May 20, 2013 4:10:34 PM org.hibernate.tool.hbm2ddl.TableMetadata &lt;init&gt;
INFO: table found: coreBanking.dbo.CUSTOMER_BILL
May 20, 2013 4:10:34 PM org.hibernate.tool.hbm2ddl.TableMetadata &lt;init&gt;
INFO: columns: [bills_id, customer_id]
May 20, 2013 4:10:34 PM org.hibernate.tool.hbm2ddl.TableMetadata &lt;init&gt;
INFO: foreign keys: [fk3bb39fc8154e3410, fk3bb39fc825c1d70b]
May 20, 2013 4:10:34 PM org.hibernate.tool.hbm2ddl.TableMetadata &lt;init&gt;
INFO: indexes: [uq__customer__07a1302852e34c9d]
May 20, 2013 4:10:35 PM org.springframework.orm.hibernate3.HibernateTransactionManager afterPropertiesSet
INFO: Using DataSource [org.springframework.jdbc.datasource.DriverManagerDataSource@77a860e4] of Hibernate SessionFactory for HibernateTransactionManager
May 20, 2013 4:10:35 PM org.hibernate.util.JDBCExceptionReporter logExceptions
WARNING: SQL Error: 2627, SQLState: 23000
May 20, 2013 4:10:35 PM org.hibernate.util.JDBCExceptionReporter logExceptions
SEVERE: Violation of UNIQUE KEY constraint &apos;UQ__CUSTOMER__07A1302852E34C9D&apos;. Cannot insert duplicate key in object &apos;dbo.CUSTOMER_BILL&apos;.
</system-err>
  </testcase>
</testsuite>